
4월 20, 2022 13:58:36.533 NEW SESSION
4월 20, 2022 13:58:36.533 [3060:15548:0420/135836.532:ERROR:device_event_log_impl.cc(214)] [13:58:36.531] Bluetooth: bluetooth_adapter_winrt.cc:1075 Getting Default Adapter failed.

4월 20, 2022 14:05:54.291 NEW SESSION
4월 20, 2022 14:05:54.291 [3532:11340:0420/140554.290:ERROR:device_event_log_impl.cc(214)] [14:05:54.289] Bluetooth: bluetooth_adapter_winrt.cc:1075 Getting Default Adapter failed.
4월 20, 2022 14:10:18.109 [3624:17096:0420/141018.109:ERROR:device_event_log_impl.cc(214)] [14:10:18.109] Bluetooth: bluetooth_adapter_winrt.cc:1075 Getting Default Adapter failed.
4월 20, 2022 14:11:16.02 [3624:5372:0420/141116.002:ERROR:util.cc(126)] Can't create base directory: C:\Program Files\Google\GoogleUpdater

4월 20, 2022 14:34:46.317 NEW SESSION
4월 20, 2022 14:34:46.318 [14868:2216:0420/143446.316:ERROR:device_event_log_impl.cc(214)] [14:34:46.317] Bluetooth: bluetooth_adapter_winrt.cc:1075 Getting Default Adapter failed.
4월 20, 2022 14:34:54.617 [7328:8756:0420/143454.617:ERROR:device_event_log_impl.cc(214)] [14:34:54.616] Bluetooth: bluetooth_adapter_winrt.cc:1075 Getting Default Adapter failed.
4월 20, 2022 14:35:52.496 [7328:5692:0420/143552.495:ERROR:util.cc(126)] Can't create base directory: C:\Program Files\Google\GoogleUpdater
4월 20, 2022 15:37:43.904 [8612:16032:0420/153743.904:ERROR:device_event_log_impl.cc(214)] [15:37:43.905] Bluetooth: bluetooth_adapter_winrt.cc:1075 Getting Default Adapter failed.
4월 20, 2022 15:38:40.388 [8612:16268:0420/153840.388:ERROR:util.cc(126)] Can't create base directory: C:\Program Files\Google\GoogleUpdater
4월 20, 2022 15:44:36.72 [10424:14088:0420/154436.072:ERROR:device_event_log_impl.cc(214)] [15:44:36.071] Bluetooth: bluetooth_adapter_winrt.cc:1075 Getting Default Adapter failed.
4월 20, 2022 15:45:23.608 [15788:14796:0420/154523.608:ERROR:device_event_log_impl.cc(214)] [15:45:23.608] Bluetooth: bluetooth_adapter_winrt.cc:1075 Getting Default Adapter failed.
4월 20, 2022 15:46:21.505 [15788:5612:0420/154621.505:ERROR:util.cc(126)] Can't create base directory: C:\Program Files\Google\GoogleUpdater
4월 20, 2022 15:56:01.887 [13976:14284:0420/155601.887:ERROR:device_event_log_impl.cc(214)] [15:56:01.886] Bluetooth: bluetooth_adapter_winrt.cc:1075 Getting Default Adapter failed.
4월 20, 2022 15:56:59.864 [13976:17512:0420/155659.864:ERROR:util.cc(126)] Can't create base directory: C:\Program Files\Google\GoogleUpdater
4월 20, 2022 16:10:48.332 [7388:2224:0420/161048.331:ERROR:device_event_log_impl.cc(214)] [16:10:48.331] Bluetooth: bluetooth_adapter_winrt.cc:1075 Getting Default Adapter failed.
4월 20, 2022 16:19:24.803 [7524:16276:0420/161924.803:ERROR:device_event_log_impl.cc(214)] [16:19:24.803] Bluetooth: bluetooth_adapter_winrt.cc:1075 Getting Default Adapter failed.
4월 20, 2022 16:20:22.681 [7524:2176:0420/162022.681:ERROR:util.cc(126)] Can't create base directory: C:\Program Files\Google\GoogleUpdater
4월 20, 2022 16:30:10.978 [1304:2456:0420/163010.978:ERROR:device_event_log_impl.cc(214)] [16:30:10.979] Bluetooth: bluetooth_adapter_winrt.cc:1075 Getting Default Adapter failed.
4월 20, 2022 16:31:07.650 [1304:10640:0420/163107.650:ERROR:util.cc(126)] Can't create base directory: C:\Program Files\Google\GoogleUpdater

4월 21, 2022 14:45:31.865 NEW SESSION
4월 21, 2022 14:45:31.865 [14252:13848:0421/144531.864:ERROR:device_event_log_impl.cc(214)] [14:45:31.864] Bluetooth: bluetooth_adapter_winrt.cc:1075 Getting Default Adapter failed.

4월 21, 2022 14:51:52.977 NEW SESSION
4월 21, 2022 14:51:52.977 [10668:2960:0421/145152.976:ERROR:device_event_log_impl.cc(214)] [14:51:52.976] Bluetooth: bluetooth_adapter_winrt.cc:1075 Getting Default Adapter failed.
4월 21, 2022 15:03:58.721 [5756:13080:0421/150358.721:ERROR:device_event_log_impl.cc(214)] [15:03:58.721] Bluetooth: bluetooth_adapter_winrt.cc:1075 Getting Default Adapter failed.
4월 21, 2022 15:06:09.624 [11460:6360:0421/150609.624:ERROR:device_event_log_impl.cc(214)] [15:06:09.624] Bluetooth: bluetooth_adapter_winrt.cc:1075 Getting Default Adapter failed.
4월 21, 2022 15:35:01.317 [14176:7340:0421/153501.316:ERROR:device_event_log_impl.cc(214)] [15:35:01.317] Bluetooth: bluetooth_adapter_winrt.cc:1075 Getting Default Adapter failed.
4월 21, 2022 15:36:36.627 [6804:13252:0421/153636.626:ERROR:device_event_log_impl.cc(214)] [15:36:36.627] Bluetooth: bluetooth_adapter_winrt.cc:1075 Getting Default Adapter failed.
4월 21, 2022 15:36:57.115 [11032:10656:0421/153657.115:ERROR:device_event_log_impl.cc(214)] [15:36:57.115] Bluetooth: bluetooth_adapter_winrt.cc:1075 Getting Default Adapter failed.
4월 21, 2022 15:37:08.111 [1500:13624:0421/153708.111:ERROR:device_event_log_impl.cc(214)] [15:37:08.110] Bluetooth: bluetooth_adapter_winrt.cc:1075 Getting Default Adapter failed.
4월 21, 2022 16:14:40.322 [11760:13464:0421/161440.322:ERROR:device_event_log_impl.cc(214)] [16:14:40.321] Bluetooth: bluetooth_adapter_winrt.cc:1075 Getting Default Adapter failed.
4월 21, 2022 16:15:06.277 [1408:1800:0421/161506.277:ERROR:device_event_log_impl.cc(214)] [16:15:06.277] Bluetooth: bluetooth_adapter_winrt.cc:1075 Getting Default Adapter failed.
4월 21, 2022 16:18:14.567 [8132:9184:0421/161814.567:ERROR:device_event_log_impl.cc(214)] [16:18:14.567] Bluetooth: bluetooth_adapter_winrt.cc:1075 Getting Default Adapter failed.
4월 21, 2022 16:19:11.93 [8132:12916:0421/161911.093:ERROR:util.cc(126)] Can't create base directory: C:\Program Files\Google\GoogleUpdater

4월 21, 2022 16:28:17.969 NEW SESSION
4월 21, 2022 16:28:17.969 [8092:12860:0421/162817.968:ERROR:device_event_log_impl.cc(214)] [16:28:17.969] Bluetooth: bluetooth_adapter_winrt.cc:1075 Getting Default Adapter failed.

4월 22, 2022 13:52:35.815 NEW SESSION
4월 22, 2022 13:52:35.815 [12992:9580:0422/135235.814:ERROR:device_event_log_impl.cc(214)] [13:52:35.813] Bluetooth: bluetooth_adapter_winrt.cc:1075 Getting Default Adapter failed.

4월 22, 2022 15:37:46.617 NEW SESSION
4월 22, 2022 15:37:46.617 [10520:7660:0422/153746.616:ERROR:device_event_log_impl.cc(214)] [15:37:46.615] Bluetooth: bluetooth_adapter_winrt.cc:1075 Getting Default Adapter failed.

4월 25, 2022 14:55:06.274 NEW SESSION
4월 25, 2022 14:55:06.274 [7844:9720:0425/145506.273:ERROR:device_event_log_impl.cc(214)] [14:55:06.273] Bluetooth: bluetooth_adapter_winrt.cc:1075 Getting Default Adapter failed.
4월 25, 2022 15:19:01.625 [296:6216:0425/151901.625:ERROR:device_event_log_impl.cc(214)] [15:19:01.625] Bluetooth: bluetooth_adapter_winrt.cc:1075 Getting Default Adapter failed.
4월 25, 2022 15:19:59.586 [296:12240:0425/151959.586:ERROR:util.cc(126)] Can't create base directory: C:\Program Files\Google\GoogleUpdater
4월 25, 2022 15:30:30.289 [4928:6984:0425/153030.289:ERROR:device_event_log_impl.cc(214)] [15:30:30.289] Bluetooth: bluetooth_adapter_winrt.cc:1075 Getting Default Adapter failed.
4월 25, 2022 15:30:37.754 [392:12328:0425/153037.754:ERROR:device_event_log_impl.cc(214)] [15:30:37.755] Bluetooth: bluetooth_adapter_winrt.cc:1075 Getting Default Adapter failed.
4월 25, 2022 15:31:35.737 [392:5136:0425/153135.737:ERROR:util.cc(126)] Can't create base directory: C:\Program Files\Google\GoogleUpdater
4월 25, 2022 15:37:42.545 [2304:3152:0425/153742.545:ERROR:device_event_log_impl.cc(214)] [15:37:42.545] Bluetooth: bluetooth_adapter_winrt.cc:1075 Getting Default Adapter failed.
4월 25, 2022 15:38:23.599 [2760:14644:0425/153823.599:ERROR:device_event_log_impl.cc(214)] [15:38:23.599] Bluetooth: bluetooth_adapter_winrt.cc:1075 Getting Default Adapter failed.
4월 25, 2022 15:38:45.347 [14032:10972:0425/153845.347:ERROR:device_event_log_impl.cc(214)] [15:38:45.348] Bluetooth: bluetooth_adapter_winrt.cc:1075 Getting Default Adapter failed.
4월 25, 2022 15:39:42.374 [14032:5164:0425/153942.374:ERROR:util.cc(126)] Can't create base directory: C:\Program Files\Google\GoogleUpdater
4월 25, 2022 16:24:39.14 [13820:3472:0425/162439.014:ERROR:device_event_log_impl.cc(214)] [16:24:39.014] Bluetooth: bluetooth_adapter_winrt.cc:1075 Getting Default Adapter failed.
4월 25, 2022 16:30:02.306 [14444:1500:0425/163002.306:ERROR:device_event_log_impl.cc(214)] [16:30:02.305] Bluetooth: bluetooth_adapter_winrt.cc:1075 Getting Default Adapter failed.
4월 25, 2022 16:30:56.468 [14588:11528:0425/163056.468:ERROR:device_event_log_impl.cc(214)] [16:30:56.468] Bluetooth: bluetooth_adapter_winrt.cc:1075 Getting Default Adapter failed.
4월 25, 2022 16:31:51.563 [14588:12680:0425/163151.563:ERROR:util.cc(126)] Can't create base directory: C:\Program Files\Google\GoogleUpdater

4월 25, 2022 17:13:37.238 NEW SESSION
4월 25, 2022 17:13:37.238 [5952:7320:0425/171337.237:ERROR:device_event_log_impl.cc(214)] [17:13:37.237] Bluetooth: bluetooth_adapter_winrt.cc:1075 Getting Default Adapter failed.
4월 25, 2022 17:14:14.793 [2516:1896:0425/171414.793:ERROR:device_event_log_impl.cc(214)] [17:14:14.793] Bluetooth: bluetooth_adapter_winrt.cc:1075 Getting Default Adapter failed.
4월 25, 2022 17:15:11.718 [2516:12216:0425/171511.718:ERROR:util.cc(126)] Can't create base directory: C:\Program Files\Google\GoogleUpdater
4월 25, 2022 17:25:42.525 [8864:12344:0425/172542.525:ERROR:device_event_log_impl.cc(214)] [17:25:42.525] Bluetooth: bluetooth_adapter_winrt.cc:1075 Getting Default Adapter failed.
4월 25, 2022 17:26:40.495 [8864:2104:0425/172640.494:ERROR:util.cc(126)] Can't create base directory: C:\Program Files\Google\GoogleUpdater
4월 25, 2022 17:37:33.165 [12180:2552:0425/173733.165:ERROR:device_event_log_impl.cc(214)] [17:37:33.165] Bluetooth: bluetooth_adapter_winrt.cc:1075 Getting Default Adapter failed.
4월 25, 2022 17:40:49.622 [8740:14748:0425/174049.622:ERROR:device_event_log_impl.cc(214)] [17:40:49.622] Bluetooth: bluetooth_adapter_winrt.cc:1075 Getting Default Adapter failed.
4월 25, 2022 17:41:33.942 [9772:5072:0425/174133.942:ERROR:device_event_log_impl.cc(214)] [17:41:33.942] Bluetooth: bluetooth_adapter_winrt.cc:1075 Getting Default Adapter failed.
4월 25, 2022 17:42:31.894 [9772:1428:0425/174231.893:ERROR:util.cc(126)] Can't create base directory: C:\Program Files\Google\GoogleUpdater
4월 25, 2022 17:49:50.355 [8908:15280:0425/174950.355:ERROR:device_event_log_impl.cc(214)] [17:49:50.355] Bluetooth: bluetooth_adapter_winrt.cc:1075 Getting Default Adapter failed.
4월 25, 2022 17:50:59.157 [9992:5124:0425/175059.156:ERROR:device_event_log_impl.cc(214)] [17:50:59.157] Bluetooth: bluetooth_adapter_winrt.cc:1075 Getting Default Adapter failed.
4월 25, 2022 17:51:55.728 [9992:12832:0425/175155.728:ERROR:util.cc(126)] Can't create base directory: C:\Program Files\Google\GoogleUpdater
4월 25, 2022 17:58:22.923 [11732:5620:0425/175822.923:ERROR:device_event_log_impl.cc(214)] [17:58:22.922] Bluetooth: bluetooth_adapter_winrt.cc:1075 Getting Default Adapter failed.
4월 25, 2022 17:59:20.871 [11732:12676:0425/175920.871:ERROR:util.cc(126)] Can't create base directory: C:\Program Files\Google\GoogleUpdater
4월 25, 2022 18:20:25.87 [6752:14840:0425/182025.087:ERROR:device_event_log_impl.cc(214)] [18:20:25.087] Bluetooth: bluetooth_adapter_winrt.cc:1075 Getting Default Adapter failed.
4월 25, 2022 18:21:21.189 [6752:8212:0425/182121.189:ERROR:util.cc(126)] Can't create base directory: C:\Program Files\Google\GoogleUpdater
4월 25, 2022 18:23:17.262 [15064:9064:0425/182317.261:ERROR:device_event_log_impl.cc(214)] [18:23:17.262] Bluetooth: bluetooth_adapter_winrt.cc:1075 Getting Default Adapter failed.
4월 25, 2022 18:24:14.348 [15064:12076:0425/182414.348:ERROR:util.cc(126)] Can't create base directory: C:\Program Files\Google\GoogleUpdater

4월 27, 2022 13:45:42.452 NEW SESSION
4월 27, 2022 13:45:42.452 [7680:12152:0427/134542.450:ERROR:device_event_log_impl.cc(214)] [13:45:42.451] Bluetooth: bluetooth_adapter_winrt.cc:1075 Getting Default Adapter failed.
4월 27, 2022 13:52:10.668 [14932:7928:0427/135210.668:ERROR:device_event_log_impl.cc(214)] [13:52:10.668] Bluetooth: bluetooth_adapter_winrt.cc:1075 Getting Default Adapter failed.
4월 27, 2022 13:52:26.411 [4360:4280:0427/135226.411:ERROR:device_event_log_impl.cc(214)] [13:52:26.411] Bluetooth: bluetooth_adapter_winrt.cc:1075 Getting Default Adapter failed.
4월 27, 2022 13:53:24.360 [4360:9380:0427/135324.360:ERROR:util.cc(126)] Can't create base directory: C:\Program Files\Google\GoogleUpdater

4월 27, 2022 16:44:13.379 NEW SESSION
4월 27, 2022 16:44:13.379 [1220:10940:0427/164413.378:ERROR:device_event_log_impl.cc(214)] [16:44:13.377] Bluetooth: bluetooth_adapter_winrt.cc:1075 Getting Default Adapter failed.
4월 27, 2022 16:45:10.118 [1220:1540:0427/164510.118:ERROR:util.cc(126)] Can't create base directory: C:\Program Files\Google\GoogleUpdater
4월 27, 2022 17:07:40.878 [6408:3284:0427/170740.878:ERROR:device_event_log_impl.cc(214)] [17:07:40.878] Bluetooth: bluetooth_adapter_winrt.cc:1075 Getting Default Adapter failed.
4월 27, 2022 17:08:37.392 [6408:7616:0427/170837.392:ERROR:util.cc(126)] Can't create base directory: C:\Program Files\Google\GoogleUpdater

4월 28, 2022 11:37:56.770 NEW SESSION
4월 28, 2022 11:37:56.770 [2436:9524:0428/113756.767:ERROR:device_event_log_impl.cc(214)] [11:37:56.768] USB: usb_device_handle_win.cc:1049 Failed to read descriptor from node connection: 시스템에 부착된 장치가 작동하지 않습니다. (0x1F)

4월 28, 2022 13:50:53.840 NEW SESSION
4월 28, 2022 13:50:53.840 [8036:4176:0428/135053.839:ERROR:device_event_log_impl.cc(214)] [13:50:53.839] USB: usb_device_handle_win.cc:1049 Failed to read descriptor from node connection: 시스템에 부착된 장치가 작동하지 않습니다. (0x1F)
4월 28, 2022 13:51:50.593 [8036:3224:0428/135150.593:ERROR:util.cc(126)] Can't create base directory: C:\Program Files\Google\GoogleUpdater
4월 28, 2022 14:03:53.29 [16972:13324:0428/140353.029:ERROR:device_event_log_impl.cc(214)] [14:03:53.029] USB: usb_device_handle_win.cc:1049 Failed to read descriptor from node connection: 시스템에 부착된 장치가 작동하지 않습니다. (0x1F)
4월 28, 2022 14:04:07.879 [16972:1588:0428/140407.879:ERROR:database.cc(1782)] Passwords SQLite error: code 2067 errno 0: UNIQUE constraint failed: logins.origin_url, logins.username_element, logins.username_value, logins.password_element, logins.signon_realm sql: INSERT INTO logins (origin_url, action_url, username_element, username_value, password_element, password_value, submit_element, signon_realm, date_created, blacklisted_by_user, scheme, password_type, times_used, form_data, display_name, icon_url, federation_url, skip_zero_click, generation_upload_status, possible_username_pairs, id, date_last_used, moving_blocked_for, date_password_modified) VALUES (?,?,?,?,?,?,?,?,?,?,?,?,?,?,?,?,?,?,?,?,?,?,?,?)
4월 28, 2022 14:04:35.809 [8020:12444:0428/140435.809:ERROR:device_event_log_impl.cc(214)] [14:04:35.808] USB: usb_device_handle_win.cc:1049 Failed to read descriptor from node connection: 시스템에 부착된 장치가 작동하지 않습니다. (0x1F)
4월 28, 2022 14:05:33.256 [8020:6100:0428/140533.256:ERROR:util.cc(126)] Can't create base directory: C:\Program Files\Google\GoogleUpdater
4월 28, 2022 14:06:00.123 [8020:15464:0428/140600.123:ERROR:database.cc(1782)] Passwords SQLite error: code 2067 errno 0: UNIQUE constraint failed: logins.origin_url, logins.username_element, logins.username_value, logins.password_element, logins.signon_realm sql: INSERT INTO logins (origin_url, action_url, username_element, username_value, password_element, password_value, submit_element, signon_realm, date_created, blacklisted_by_user, scheme, password_type, times_used, form_data, display_name, icon_url, federation_url, skip_zero_click, generation_upload_status, possible_username_pairs, id, date_last_used, moving_blocked_for, date_password_modified) VALUES (?,?,?,?,?,?,?,?,?,?,?,?,?,?,?,?,?,?,?,?,?,?,?,?)
4월 28, 2022 14:07:29.976 [8844:300:0428/140729.976:ERROR:device_event_log_impl.cc(214)] [14:07:29.975] USB: usb_device_handle_win.cc:1049 Failed to read descriptor from node connection: 시스템에 부착된 장치가 작동하지 않습니다. (0x1F)
4월 28, 2022 14:08:27.843 [8844:11808:0428/140827.843:ERROR:util.cc(126)] Can't create base directory: C:\Program Files\Google\GoogleUpdater
4월 28, 2022 14:09:56.226 [3980:1736:0428/140956.226:ERROR:device_event_log_impl.cc(214)] [14:09:56.226] USB: usb_device_handle_win.cc:1049 Failed to read descriptor from node connection: 시스템에 부착된 장치가 작동하지 않습니다. (0x1F)
4월 28, 2022 14:10:53.299 [3980:7772:0428/141053.299:ERROR:util.cc(126)] Can't create base directory: C:\Program Files\Google\GoogleUpdater
4월 28, 2022 15:50:21.758 [3980:12576:0428/155021.758:ERROR:database.cc(1782)] Passwords SQLite error: code 2067 errno 0: UNIQUE constraint failed: logins.origin_url, logins.username_element, logins.username_value, logins.password_element, logins.signon_realm sql: INSERT INTO logins (origin_url, action_url, username_element, username_value, password_element, password_value, submit_element, signon_realm, date_created, blacklisted_by_user, scheme, password_type, times_used, form_data, display_name, icon_url, federation_url, skip_zero_click, generation_upload_status, possible_username_pairs, id, date_last_used, moving_blocked_for, date_password_modified) VALUES (?,?,?,?,?,?,?,?,?,?,?,?,?,?,?,?,?,?,?,?,?,?,?,?)
4월 28, 2022 15:52:11.486 [3980:16692:0428/155211.486:ERROR:database.cc(1782)] Passwords SQLite error: code 2067 errno 0: UNIQUE constraint failed: logins.origin_url, logins.username_element, logins.username_value, logins.password_element, logins.signon_realm sql: INSERT INTO logins (origin_url, action_url, username_element, username_value, password_element, password_value, submit_element, signon_realm, date_created, blacklisted_by_user, scheme, password_type, times_used, form_data, display_name, icon_url, federation_url, skip_zero_click, generation_upload_status, possible_username_pairs, id, date_last_used, moving_blocked_for, date_password_modified) VALUES (?,?,?,?,?,?,?,?,?,?,?,?,?,?,?,?,?,?,?,?,?,?,?,?)
4월 28, 2022 15:53:40.949 [6756:16888:0428/155340.948:ERROR:device_event_log_impl.cc(214)] [15:53:40.948] USB: usb_device_handle_win.cc:1049 Failed to read descriptor from node connection: 시스템에 부착된 장치가 작동하지 않습니다. (0x1F)
4월 28, 2022 15:53:53.869 [6756:9676:0428/155353.868:ERROR:database.cc(1782)] Passwords SQLite error: code 2067 errno 0: UNIQUE constraint failed: logins.origin_url, logins.username_element, logins.username_value, logins.password_element, logins.signon_realm sql: INSERT INTO logins (origin_url, action_url, username_element, username_value, password_element, password_value, submit_element, signon_realm, date_created, blacklisted_by_user, scheme, password_type, times_used, form_data, display_name, icon_url, federation_url, skip_zero_click, generation_upload_status, possible_username_pairs, id, date_last_used, moving_blocked_for, date_password_modified) VALUES (?,?,?,?,?,?,?,?,?,?,?,?,?,?,?,?,?,?,?,?,?,?,?,?)
4월 28, 2022 15:54:34.29 [16040:9772:0428/155434.029:ERROR:device_event_log_impl.cc(214)] [15:54:34.030] USB: usb_device_handle_win.cc:1049 Failed to read descriptor from node connection: 시스템에 부착된 장치가 작동하지 않습니다. (0x1F)
4월 28, 2022 15:54:38.390 [16040:8100:0428/155438.389:ERROR:database.cc(1782)] Passwords SQLite error: code 2067 errno 0: UNIQUE constraint failed: logins.origin_url, logins.username_element, logins.username_value, logins.password_element, logins.signon_realm sql: INSERT INTO logins (origin_url, action_url, username_element, username_value, password_element, password_value, submit_element, signon_realm, date_created, blacklisted_by_user, scheme, password_type, times_used, form_data, display_name, icon_url, federation_url, skip_zero_click, generation_upload_status, possible_username_pairs, id, date_last_used, moving_blocked_for, date_password_modified) VALUES (?,?,?,?,?,?,?,?,?,?,?,?,?,?,?,?,?,?,?,?,?,?,?,?)
4월 28, 2022 15:55:31.409 [17232:14580:0428/155531.409:ERROR:device_event_log_impl.cc(214)] [15:55:31.409] USB: usb_device_handle_win.cc:1049 Failed to read descriptor from node connection: 시스템에 부착된 장치가 작동하지 않습니다. (0x1F)
4월 28, 2022 15:56:07.87 [6580:2184:0428/155607.087:ERROR:device_event_log_impl.cc(214)] [15:56:07.087] USB: usb_device_handle_win.cc:1049 Failed to read descriptor from node connection: 시스템에 부착된 장치가 작동하지 않습니다. (0x1F)
4월 28, 2022 15:57:04.66 [6580:14676:0428/155704.065:ERROR:util.cc(126)] Can't create base directory: C:\Program Files\Google\GoogleUpdater
4월 28, 2022 15:57:09.801 [6580:5976:0428/155709.801:ERROR:database.cc(1782)] Passwords SQLite error: code 2067 errno 0: UNIQUE constraint failed: logins.origin_url, logins.username_element, logins.username_value, logins.password_element, logins.signon_realm sql: INSERT INTO logins (origin_url, action_url, username_element, username_value, password_element, password_value, submit_element, signon_realm, date_created, blacklisted_by_user, scheme, password_type, times_used, form_data, display_name, icon_url, federation_url, skip_zero_click, generation_upload_status, possible_username_pairs, id, date_last_used, moving_blocked_for, date_password_modified) VALUES (?,?,?,?,?,?,?,?,?,?,?,?,?,?,?,?,?,?,?,?,?,?,?,?)
4월 28, 2022 15:57:26.857 [5980:5388:0428/155726.857:ERROR:device_event_log_impl.cc(214)] [15:57:26.857] USB: usb_device_handle_win.cc:1049 Failed to read descriptor from node connection: 시스템에 부착된 장치가 작동하지 않습니다. (0x1F)
4월 28, 2022 15:58:24.780 [5980:1604:0428/155824.780:ERROR:util.cc(126)] Can't create base directory: C:\Program Files\Google\GoogleUpdater
4월 28, 2022 15:58:57.03 [5980:3624:0428/155857.003:ERROR:database.cc(1782)] Passwords SQLite error: code 2067 errno 0: UNIQUE constraint failed: logins.origin_url, logins.username_element, logins.username_value, logins.password_element, logins.signon_realm sql: INSERT INTO logins (origin_url, action_url, username_element, username_value, password_element, password_value, submit_element, signon_realm, date_created, blacklisted_by_user, scheme, password_type, times_used, form_data, display_name, icon_url, federation_url, skip_zero_click, generation_upload_status, possible_username_pairs, id, date_last_used, moving_blocked_for, date_password_modified) VALUES (?,?,?,?,?,?,?,?,?,?,?,?,?,?,?,?,?,?,?,?,?,?,?,?)

4월 29, 2022 10:58:50.256 NEW SESSION
4월 29, 2022 10:58:50.256 [10216:2936:0429/105850.255:ERROR:device_event_log_impl.cc(214)] [10:58:50.255] USB: usb_device_handle_win.cc:1049 Failed to read descriptor from node connection: 시스템에 부착된 장치가 작동하지 않습니다. (0x1F)
4월 29, 2022 10:59:01.568 [10216:15488:0429/105901.568:ERROR:database.cc(1782)] Passwords SQLite error: code 2067 errno 0: UNIQUE constraint failed: logins.origin_url, logins.username_element, logins.username_value, logins.password_element, logins.signon_realm sql: INSERT INTO logins (origin_url, action_url, username_element, username_value, password_element, password_value, submit_element, signon_realm, date_created, blacklisted_by_user, scheme, password_type, times_used, form_data, display_name, icon_url, federation_url, skip_zero_click, generation_upload_status, possible_username_pairs, id, date_last_used, moving_blocked_for, date_password_modified) VALUES (?,?,?,?,?,?,?,?,?,?,?,?,?,?,?,?,?,?,?,?,?,?,?,?)
4월 29, 2022 11:17:46.50 [9968:14760:0429/111746.049:ERROR:device_event_log_impl.cc(214)] [11:17:46.050] USB: usb_device_handle_win.cc:1049 Failed to read descriptor from node connection: 시스템에 부착된 장치가 작동하지 않습니다. (0x1F)
4월 29, 2022 11:18:42.629 [9968:15452:0429/111842.629:ERROR:util.cc(126)] Can't create base directory: C:\Program Files\Google\GoogleUpdater
4월 29, 2022 11:18:50.928 [9968:10592:0429/111850.928:ERROR:database.cc(1782)] Passwords SQLite error: code 2067 errno 0: UNIQUE constraint failed: logins.origin_url, logins.username_element, logins.username_value, logins.password_element, logins.signon_realm sql: INSERT INTO logins (origin_url, action_url, username_element, username_value, password_element, password_value, submit_element, signon_realm, date_created, blacklisted_by_user, scheme, password_type, times_used, form_data, display_name, icon_url, federation_url, skip_zero_click, generation_upload_status, possible_username_pairs, id, date_last_used, moving_blocked_for, date_password_modified) VALUES (?,?,?,?,?,?,?,?,?,?,?,?,?,?,?,?,?,?,?,?,?,?,?,?)
4월 29, 2022 11:19:39.318 [13948:3508:0429/111939.318:ERROR:device_event_log_impl.cc(214)] [11:19:39.318] USB: usb_device_handle_win.cc:1049 Failed to read descriptor from node connection: 시스템에 부착된 장치가 작동하지 않습니다. (0x1F)
4월 29, 2022 11:20:04.616 [9484:12576:0429/112004.616:ERROR:device_event_log_impl.cc(214)] [11:20:04.617] USB: usb_device_handle_win.cc:1049 Failed to read descriptor from node connection: 시스템에 부착된 장치가 작동하지 않습니다. (0x1F)
4월 29, 2022 11:20:31.298 [7460:3264:0429/112031.298:ERROR:device_event_log_impl.cc(214)] [11:20:31.297] USB: usb_device_handle_win.cc:1049 Failed to read descriptor from node connection: 시스템에 부착된 장치가 작동하지 않습니다. (0x1F)
4월 29, 2022 11:20:55.101 [4416:7184:0429/112055.101:ERROR:device_event_log_impl.cc(214)] [11:20:55.101] USB: usb_device_handle_win.cc:1049 Failed to read descriptor from node connection: 시스템에 부착된 장치가 작동하지 않습니다. (0x1F)
4월 29, 2022 11:21:08.773 [16208:17256:0429/112108.772:ERROR:device_event_log_impl.cc(214)] [11:21:08.772] USB: usb_device_handle_win.cc:1049 Failed to read descriptor from node connection: 시스템에 부착된 장치가 작동하지 않습니다. (0x1F)
4월 29, 2022 11:21:21.187 [10788:16128:0429/112121.187:ERROR:device_event_log_impl.cc(214)] [11:21:21.186] USB: usb_device_handle_win.cc:1049 Failed to read descriptor from node connection: 시스템에 부착된 장치가 작동하지 않습니다. (0x1F)
4월 29, 2022 11:21:59.109 [13452:9304:0429/112159.108:ERROR:device_event_log_impl.cc(214)] [11:21:59.108] USB: usb_device_handle_win.cc:1049 Failed to read descriptor from node connection: 시스템에 부착된 장치가 작동하지 않습니다. (0x1F)
4월 29, 2022 11:22:30.21 [14484:8372:0429/112230.020:ERROR:get_updates_processor.cc(260)] PostClientToServerMessage() failed during GetUpdates with error 2
4월 29, 2022 11:22:37.368 [16496:13488:0429/112237.368:ERROR:device_event_log_impl.cc(214)] [11:22:37.368] USB: usb_device_handle_win.cc:1049 Failed to read descriptor from node connection: 시스템에 부착된 장치가 작동하지 않습니다. (0x1F)
4월 29, 2022 11:22:47.61 [8272:14468:0429/112247.060:ERROR:device_event_log_impl.cc(214)] [11:22:47.061] USB: usb_device_handle_win.cc:1049 Failed to read descriptor from node connection: 시스템에 부착된 장치가 작동하지 않습니다. (0x1F)
4월 29, 2022 11:22:55.917 [5432:10144:0429/112255.917:ERROR:device_event_log_impl.cc(214)] [11:22:55.917] USB: usb_device_handle_win.cc:1049 Failed to read descriptor from node connection: 시스템에 부착된 장치가 작동하지 않습니다. (0x1F)
4월 29, 2022 11:24:31.77 [1968:6620:0429/112431.077:ERROR:device_event_log_impl.cc(214)] [11:24:31.078] USB: usb_device_handle_win.cc:1049 Failed to read descriptor from node connection: 시스템에 부착된 장치가 작동하지 않습니다. (0x1F)
4월 29, 2022 11:25:28.07 [1968:7576:0429/112528.007:ERROR:util.cc(126)] Can't create base directory: C:\Program Files\Google\GoogleUpdater
4월 29, 2022 11:25:51.676 [16536:13656:0429/112551.676:ERROR:device_event_log_impl.cc(214)] [11:25:51.676] USB: usb_device_handle_win.cc:1049 Failed to read descriptor from node connection: 시스템에 부착된 장치가 작동하지 않습니다. (0x1F)
4월 29, 2022 11:26:53.739 [10000:11940:0429/112653.738:ERROR:device_event_log_impl.cc(214)] [11:26:53.739] USB: usb_device_handle_win.cc:1049 Failed to read descriptor from node connection: 시스템에 부착된 장치가 작동하지 않습니다. (0x1F)
4월 29, 2022 11:27:51.331 [10000:6180:0429/112751.331:ERROR:util.cc(126)] Can't create base directory: C:\Program Files\Google\GoogleUpdater
4월 29, 2022 11:30:58.581 [12772:11672:0429/113058.581:ERROR:device_event_log_impl.cc(214)] [11:30:58.581] USB: usb_device_handle_win.cc:1049 Failed to read descriptor from node connection: 시스템에 부착된 장치가 작동하지 않습니다. (0x1F)
4월 29, 2022 11:31:55.419 [12772:14844:0429/113155.419:ERROR:util.cc(126)] Can't create base directory: C:\Program Files\Google\GoogleUpdater
4월 29, 2022 11:50:33.951 [12772:15020:0429/115033.951:ERROR:database.cc(1782)] Passwords SQLite error: code 2067 errno 0: UNIQUE constraint failed: logins.origin_url, logins.username_element, logins.username_value, logins.password_element, logins.signon_realm sql: INSERT INTO logins (origin_url, action_url, username_element, username_value, password_element, password_value, submit_element, signon_realm, date_created, blacklisted_by_user, scheme, password_type, times_used, form_data, display_name, icon_url, federation_url, skip_zero_click, generation_upload_status, possible_username_pairs, id, date_last_used, moving_blocked_for, date_password_modified) VALUES (?,?,?,?,?,?,?,?,?,?,?,?,?,?,?,?,?,?,?,?,?,?,?,?)
4월 29, 2022 12:01:45.886 [6124:13364:0429/120145.886:ERROR:device_event_log_impl.cc(214)] [12:01:45.886] USB: usb_device_handle_win.cc:1049 Failed to read descriptor from node connection: 시스템에 부착된 장치가 작동하지 않습니다. (0x1F)
4월 29, 2022 12:02:04.848 [6124:13536:0429/120204.848:ERROR:database.cc(1782)] Passwords SQLite error: code 2067 errno 0: UNIQUE constraint failed: logins.origin_url, logins.username_element, logins.username_value, logins.password_element, logins.signon_realm sql: INSERT INTO logins (origin_url, action_url, username_element, username_value, password_element, password_value, submit_element, signon_realm, date_created, blacklisted_by_user, scheme, password_type, times_used, form_data, display_name, icon_url, federation_url, skip_zero_click, generation_upload_status, possible_username_pairs, id, date_last_used, moving_blocked_for, date_password_modified) VALUES (?,?,?,?,?,?,?,?,?,?,?,?,?,?,?,?,?,?,?,?,?,?,?,?)
4월 29, 2022 12:02:43.836 [6124:11120:0429/120243.835:ERROR:util.cc(126)] Can't create base directory: C:\Program Files\Google\GoogleUpdater
4월 29, 2022 12:08:00.375 [6124:12124:0429/120800.374:ERROR:connection_factory_impl.cc(425)] Failed to connect to MCS endpoint with error -105
4월 29, 2022 12:08:02.383 [6124:12124:0429/120802.383:ERROR:connection_factory_impl.cc(425)] Failed to connect to MCS endpoint with error -105
4월 29, 2022 12:32:51.91 [6124:1468:0429/123251.091:ERROR:database.cc(1782)] Passwords SQLite error: code 2067 errno 0: UNIQUE constraint failed: logins.origin_url, logins.username_element, logins.username_value, logins.password_element, logins.signon_realm sql: INSERT INTO logins (origin_url, action_url, username_element, username_value, password_element, password_value, submit_element, signon_realm, date_created, blacklisted_by_user, scheme, password_type, times_used, form_data, display_name, icon_url, federation_url, skip_zero_click, generation_upload_status, possible_username_pairs, id, date_last_used, moving_blocked_for, date_password_modified) VALUES (?,?,?,?,?,?,?,?,?,?,?,?,?,?,?,?,?,?,?,?,?,?,?,?)
4월 29, 2022 12:41:31.965 [6124:5892:0429/124131.965:ERROR:database.cc(1782)] Passwords SQLite error: code 2067 errno 0: UNIQUE constraint failed: logins.origin_url, logins.username_element, logins.username_value, logins.password_element, logins.signon_realm sql: INSERT INTO logins (origin_url, action_url, username_element, username_value, password_element, password_value, submit_element, signon_realm, date_created, blacklisted_by_user, scheme, password_type, times_used, form_data, display_name, icon_url, federation_url, skip_zero_click, generation_upload_status, possible_username_pairs, id, date_last_used, moving_blocked_for, date_password_modified) VALUES (?,?,?,?,?,?,?,?,?,?,?,?,?,?,?,?,?,?,?,?,?,?,?,?)
4월 29, 2022 12:42:12.834 [1752:13684:0429/124212.833:ERROR:device_event_log_impl.cc(214)] [12:42:12.834] USB: usb_device_handle_win.cc:1049 Failed to read descriptor from node connection: 시스템에 부착된 장치가 작동하지 않습니다. (0x1F)
4월 29, 2022 12:42:20.260 [1752:6176:0429/124220.259:ERROR:database.cc(1782)] Passwords SQLite error: code 2067 errno 0: UNIQUE constraint failed: logins.origin_url, logins.username_element, logins.username_value, logins.password_element, logins.signon_realm sql: INSERT INTO logins (origin_url, action_url, username_element, username_value, password_element, password_value, submit_element, signon_realm, date_created, blacklisted_by_user, scheme, password_type, times_used, form_data, display_name, icon_url, federation_url, skip_zero_click, generation_upload_status, possible_username_pairs, id, date_last_used, moving_blocked_for, date_password_modified) VALUES (?,?,?,?,?,?,?,?,?,?,?,?,?,?,?,?,?,?,?,?,?,?,?,?)
4월 29, 2022 12:43:08.860 [8252:12612:0429/124308.859:ERROR:device_event_log_impl.cc(214)] [12:43:08.859] USB: usb_device_handle_win.cc:1049 Failed to read descriptor from node connection: 시스템에 부착된 장치가 작동하지 않습니다. (0x1F)
4월 29, 2022 12:43:22.743 [8252:16584:0429/124322.743:ERROR:database.cc(1782)] Passwords SQLite error: code 2067 errno 0: UNIQUE constraint failed: logins.origin_url, logins.username_element, logins.username_value, logins.password_element, logins.signon_realm sql: INSERT INTO logins (origin_url, action_url, username_element, username_value, password_element, password_value, submit_element, signon_realm, date_created, blacklisted_by_user, scheme, password_type, times_used, form_data, display_name, icon_url, federation_url, skip_zero_click, generation_upload_status, possible_username_pairs, id, date_last_used, moving_blocked_for, date_password_modified) VALUES (?,?,?,?,?,?,?,?,?,?,?,?,?,?,?,?,?,?,?,?,?,?,?,?)
4월 29, 2022 12:44:06.780 [8252:1804:0429/124406.780:ERROR:util.cc(126)] Can't create base directory: C:\Program Files\Google\GoogleUpdater
4월 29, 2022 12:44:44.08 [10408:16612:0429/124444.007:ERROR:device_event_log_impl.cc(214)] [12:44:44.007] USB: usb_device_handle_win.cc:1049 Failed to read descriptor from node connection: 시스템에 부착된 장치가 작동하지 않습니다. (0x1F)
4월 29, 2022 12:45:07.894 [10408:11724:0429/124507.894:ERROR:database.cc(1782)] Passwords SQLite error: code 2067 errno 0: UNIQUE constraint failed: logins.origin_url, logins.username_element, logins.username_value, logins.password_element, logins.signon_realm sql: INSERT INTO logins (origin_url, action_url, username_element, username_value, password_element, password_value, submit_element, signon_realm, date_created, blacklisted_by_user, scheme, password_type, times_used, form_data, display_name, icon_url, federation_url, skip_zero_click, generation_upload_status, possible_username_pairs, id, date_last_used, moving_blocked_for, date_password_modified) VALUES (?,?,?,?,?,?,?,?,?,?,?,?,?,?,?,?,?,?,?,?,?,?,?,?)

4월 29, 2022 12:47:30.347 NEW SESSION
4월 29, 2022 12:47:30.347 [11824:11832:0429/124730.346:ERROR:device_event_log_impl.cc(214)] [12:47:30.346] USB: usb_device_handle_win.cc:1049 Failed to read descriptor from node connection: 시스템에 부착된 장치가 작동하지 않습니다. (0x1F)
4월 29, 2022 12:47:39.337 [11824:3832:0429/124739.336:ERROR:database.cc(1782)] Passwords SQLite error: code 2067 errno 0: UNIQUE constraint failed: logins.origin_url, logins.username_element, logins.username_value, logins.password_element, logins.signon_realm sql: INSERT INTO logins (origin_url, action_url, username_element, username_value, password_element, password_value, submit_element, signon_realm, date_created, blacklisted_by_user, scheme, password_type, times_used, form_data, display_name, icon_url, federation_url, skip_zero_click, generation_upload_status, possible_username_pairs, id, date_last_used, moving_blocked_for, date_password_modified) VALUES (?,?,?,?,?,?,?,?,?,?,?,?,?,?,?,?,?,?,?,?,?,?,?,?)
4월 29, 2022 12:48:27.168 [11824:11692:0429/124827.168:ERROR:util.cc(126)] Can't create base directory: C:\Program Files\Google\GoogleUpdater
4월 29, 2022 12:48:37.444 [7204:11508:0429/124837.443:ERROR:device_event_log_impl.cc(214)] [12:48:37.443] USB: usb_device_handle_win.cc:1049 Failed to read descriptor from node connection: 시스템에 부착된 장치가 작동하지 않습니다. (0x1F)
4월 29, 2022 12:48:45.67 [7204:1596:0429/124845.066:ERROR:database.cc(1782)] Passwords SQLite error: code 2067 errno 0: UNIQUE constraint failed: logins.origin_url, logins.username_element, logins.username_value, logins.password_element, logins.signon_realm sql: INSERT INTO logins (origin_url, action_url, username_element, username_value, password_element, password_value, submit_element, signon_realm, date_created, blacklisted_by_user, scheme, password_type, times_used, form_data, display_name, icon_url, federation_url, skip_zero_click, generation_upload_status, possible_username_pairs, id, date_last_used, moving_blocked_for, date_password_modified) VALUES (?,?,?,?,?,?,?,?,?,?,?,?,?,?,?,?,?,?,?,?,?,?,?,?)
4월 29, 2022 12:49:34.621 [7204:4116:0429/124934.621:ERROR:util.cc(126)] Can't create base directory: C:\Program Files\Google\GoogleUpdater
4월 29, 2022 12:50:09.509 [1076:2388:0429/125009.508:ERROR:device_event_log_impl.cc(214)] [12:50:09.509] USB: usb_device_handle_win.cc:1049 Failed to read descriptor from node connection: 시스템에 부착된 장치가 작동하지 않습니다. (0x1F)
4월 29, 2022 12:50:15.925 [1076:11376:0429/125015.925:ERROR:database.cc(1782)] Passwords SQLite error: code 2067 errno 0: UNIQUE constraint failed: logins.origin_url, logins.username_element, logins.username_value, logins.password_element, logins.signon_realm sql: INSERT INTO logins (origin_url, action_url, username_element, username_value, password_element, password_value, submit_element, signon_realm, date_created, blacklisted_by_user, scheme, password_type, times_used, form_data, display_name, icon_url, federation_url, skip_zero_click, generation_upload_status, possible_username_pairs, id, date_last_used, moving_blocked_for, date_password_modified) VALUES (?,?,?,?,?,?,?,?,?,?,?,?,?,?,?,?,?,?,?,?,?,?,?,?)
4월 29, 2022 12:51:06.728 [1076:8976:0429/125106.727:ERROR:util.cc(126)] Can't create base directory: C:\Program Files\Google\GoogleUpdater
4월 29, 2022 13:28:16.382 [8508:8528:0429/132816.382:ERROR:device_event_log_impl.cc(214)] [13:28:16.382] USB: usb_device_handle_win.cc:1049 Failed to read descriptor from node connection: 시스템에 부착된 장치가 작동하지 않습니다. (0x1F)
4월 29, 2022 13:28:24.100 [8508:10316:0429/132824.099:ERROR:database.cc(1782)] Passwords SQLite error: code 2067 errno 0: UNIQUE constraint failed: logins.origin_url, logins.username_element, logins.username_value, logins.password_element, logins.signon_realm sql: INSERT INTO logins (origin_url, action_url, username_element, username_value, password_element, password_value, submit_element, signon_realm, date_created, blacklisted_by_user, scheme, password_type, times_used, form_data, display_name, icon_url, federation_url, skip_zero_click, generation_upload_status, possible_username_pairs, id, date_last_used, moving_blocked_for, date_password_modified) VALUES (?,?,?,?,?,?,?,?,?,?,?,?,?,?,?,?,?,?,?,?,?,?,?,?)
4월 29, 2022 13:29:14.334 [8508:432:0429/132914.334:ERROR:util.cc(126)] Can't create base directory: C:\Program Files\Google\GoogleUpdater
4월 29, 2022 14:32:51.536 [8508:6588:0429/143251.536:ERROR:database.cc(1782)] Passwords SQLite error: code 2067 errno 0: UNIQUE constraint failed: logins.origin_url, logins.username_element, logins.username_value, logins.password_element, logins.signon_realm sql: INSERT INTO logins (origin_url, action_url, username_element, username_value, password_element, password_value, submit_element, signon_realm, date_created, blacklisted_by_user, scheme, password_type, times_used, form_data, display_name, icon_url, federation_url, skip_zero_click, generation_upload_status, possible_username_pairs, id, date_last_used, moving_blocked_for, date_password_modified) VALUES (?,?,?,?,?,?,?,?,?,?,?,?,?,?,?,?,?,?,?,?,?,?,?,?)
4월 29, 2022 14:33:28.494 [8508:6500:0429/143328.494:ERROR:database.cc(1782)] Passwords SQLite error: code 2067 errno 0: UNIQUE constraint failed: logins.origin_url, logins.username_element, logins.username_value, logins.password_element, logins.signon_realm sql: INSERT INTO logins (origin_url, action_url, username_element, username_value, password_element, password_value, submit_element, signon_realm, date_created, blacklisted_by_user, scheme, password_type, times_used, form_data, display_name, icon_url, federation_url, skip_zero_click, generation_upload_status, possible_username_pairs, id, date_last_used, moving_blocked_for, date_password_modified) VALUES (?,?,?,?,?,?,?,?,?,?,?,?,?,?,?,?,?,?,?,?,?,?,?,?)
4월 29, 2022 14:58:57.191 [8280:3596:0429/145857.191:ERROR:device_event_log_impl.cc(214)] [14:58:57.191] USB: usb_device_handle_win.cc:1049 Failed to read descriptor from node connection: 시스템에 부착된 장치가 작동하지 않습니다. (0x1F)
4월 29, 2022 14:59:17.246 [8280:2948:0429/145917.246:ERROR:database.cc(1782)] Passwords SQLite error: code 2067 errno 0: UNIQUE constraint failed: logins.origin_url, logins.username_element, logins.username_value, logins.password_element, logins.signon_realm sql: INSERT INTO logins (origin_url, action_url, username_element, username_value, password_element, password_value, submit_element, signon_realm, date_created, blacklisted_by_user, scheme, password_type, times_used, form_data, display_name, icon_url, federation_url, skip_zero_click, generation_upload_status, possible_username_pairs, id, date_last_used, moving_blocked_for, date_password_modified) VALUES (?,?,?,?,?,?,?,?,?,?,?,?,?,?,?,?,?,?,?,?,?,?,?,?)
4월 29, 2022 14:59:55.67 [8280:1148:0429/145955.067:ERROR:util.cc(126)] Can't create base directory: C:\Program Files\Google\GoogleUpdater
4월 29, 2022 15:52:05.216 [8280:3596:0429/155205.216:ERROR:interface_endpoint_client.cc(659)] Message 1 rejected by interface blink.mojom.WidgetHost
4월 29, 2022 15:52:05.217 [8280:3596:0429/155205.216:ERROR:interface_endpoint_client.cc(659)] Message 1 rejected by interface blink.mojom.WidgetHost
4월 29, 2022 15:52:33.956 [8556:5984:0429/155233.956:ERROR:device_event_log_impl.cc(214)] [15:52:33.957] USB: usb_device_handle_win.cc:1049 Failed to read descriptor from node connection: 시스템에 부착된 장치가 작동하지 않습니다. (0x1F)
4월 29, 2022 15:52:40.483 [8556:4032:0429/155240.483:ERROR:database.cc(1782)] Passwords SQLite error: code 2067 errno 0: UNIQUE constraint failed: logins.origin_url, logins.username_element, logins.username_value, logins.password_element, logins.signon_realm sql: INSERT INTO logins (origin_url, action_url, username_element, username_value, password_element, password_value, submit_element, signon_realm, date_created, blacklisted_by_user, scheme, password_type, times_used, form_data, display_name, icon_url, federation_url, skip_zero_click, generation_upload_status, possible_username_pairs, id, date_last_used, moving_blocked_for, date_password_modified) VALUES (?,?,?,?,?,?,?,?,?,?,?,?,?,?,?,?,?,?,?,?,?,?,?,?)
4월 29, 2022 15:53:31.589 [8556:11044:0429/155331.589:ERROR:util.cc(126)] Can't create base directory: C:\Program Files\Google\GoogleUpdater
4월 29, 2022 17:08:39.291 [8620:4480:0429/170839.291:ERROR:device_event_log_impl.cc(214)] [17:08:39.291] USB: usb_device_handle_win.cc:1049 Failed to read descriptor from node connection: 시스템에 부착된 장치가 작동하지 않습니다. (0x1F)
4월 29, 2022 17:08:58.856 [8620:9508:0429/170858.856:ERROR:database.cc(1782)] Passwords SQLite error: code 2067 errno 0: UNIQUE constraint failed: logins.origin_url, logins.username_element, logins.username_value, logins.password_element, logins.signon_realm sql: INSERT INTO logins (origin_url, action_url, username_element, username_value, password_element, password_value, submit_element, signon_realm, date_created, blacklisted_by_user, scheme, password_type, times_used, form_data, display_name, icon_url, federation_url, skip_zero_click, generation_upload_status, possible_username_pairs, id, date_last_used, moving_blocked_for, date_password_modified) VALUES (?,?,?,?,?,?,?,?,?,?,?,?,?,?,?,?,?,?,?,?,?,?,?,?)
4월 29, 2022 17:09:36.644 [8620:10820:0429/170936.644:ERROR:util.cc(126)] Can't create base directory: C:\Program Files\Google\GoogleUpdater

4월 29, 2022 17:15:17.458 NEW SESSION
4월 29, 2022 17:15:17.458 [2264:9932:0429/171517.455:ERROR:device_event_log_impl.cc(214)] [17:15:17.455] USB: usb_device_handle_win.cc:1049 Failed to read descriptor from node connection: 시스템에 부착된 장치가 작동하지 않습니다. (0x1F)
4월 29, 2022 17:15:24.15 [2264:4776:0429/171524.015:ERROR:database.cc(1782)] Passwords SQLite error: code 2067 errno 0: UNIQUE constraint failed: logins.origin_url, logins.username_element, logins.username_value, logins.password_element, logins.signon_realm sql: INSERT INTO logins (origin_url, action_url, username_element, username_value, password_element, password_value, submit_element, signon_realm, date_created, blacklisted_by_user, scheme, password_type, times_used, form_data, display_name, icon_url, federation_url, skip_zero_click, generation_upload_status, possible_username_pairs, id, date_last_used, moving_blocked_for, date_password_modified) VALUES (?,?,?,?,?,?,?,?,?,?,?,?,?,?,?,?,?,?,?,?,?,?,?,?)
4월 29, 2022 17:16:15.372 [2264:11812:0429/171615.372:ERROR:util.cc(126)] Can't create base directory: C:\Program Files\Google\GoogleUpdater

5월 01, 2022 18:48:42.798 NEW SESSION
5월 01, 2022 18:48:42.798 [12640:16856:0501/184842.796:ERROR:device_event_log_impl.cc(214)] [18:48:42.796] USB: usb_device_handle_win.cc:1049 Failed to read descriptor from node connection: 시스템에 부착된 장치가 작동하지 않습니다. (0x1F)
5월 01, 2022 18:49:40.770 [12640:5960:0501/184940.770:ERROR:util.cc(126)] Can't create base directory: C:\Program Files\Google\GoogleUpdater
5월 01, 2022 18:50:30.90 [12640:16856:0501/185030.090:ERROR:device_event_log_impl.cc(214)] [18:50:30.089] USB: usb_service_win.cc:260 Failed to get device driver name: 요소가 없습니다. (0x490)
5월 01, 2022 18:50:30.92 [12640:16856:0501/185030.092:ERROR:device_event_log_impl.cc(214)] [18:50:30.092] USB: usb_service_win.cc:283 SetupDiEnumDeviceInterfaces: 사용 가능한 데이터가 없습니다. (0x103)
5월 01, 2022 18:56:21.555 [3760:11228:0501/185621.555:ERROR:device_event_log_impl.cc(214)] [18:56:21.555] USB: usb_device_handle_win.cc:1049 Failed to read descriptor from node connection: 시스템에 부착된 장치가 작동하지 않습니다. (0x1F)
5월 01, 2022 18:57:06.939 [12440:14316:0501/185706.939:ERROR:device_event_log_impl.cc(214)] [18:57:06.939] USB: usb_device_handle_win.cc:1049 Failed to read descriptor from node connection: 시스템에 부착된 장치가 작동하지 않습니다. (0x1F)
5월 01, 2022 18:58:04.488 [12440:5164:0501/185804.488:ERROR:util.cc(126)] Can't create base directory: C:\Program Files\Google\GoogleUpdater
5월 01, 2022 19:01:27.943 [10640:1540:0501/190127.943:ERROR:device_event_log_impl.cc(214)] [19:01:27.943] USB: usb_device_handle_win.cc:1049 Failed to read descriptor from node connection: 시스템에 부착된 장치가 작동하지 않습니다. (0x1F)
5월 01, 2022 19:01:42.478 [14512:14424:0501/190142.478:ERROR:device_event_log_impl.cc(214)] [19:01:42.478] USB: usb_device_handle_win.cc:1049 Failed to read descriptor from node connection: 시스템에 부착된 장치가 작동하지 않습니다. (0x1F)
5월 01, 2022 19:02:03.885 [9872:720:0501/190203.885:ERROR:device_event_log_impl.cc(214)] [19:02:03.885] USB: usb_device_handle_win.cc:1049 Failed to read descriptor from node connection: 시스템에 부착된 장치가 작동하지 않습니다. (0x1F)
5월 01, 2022 19:02:09.910 [1664:1924:0501/190209.910:ERROR:device_event_log_impl.cc(214)] [19:02:09.910] USB: usb_device_handle_win.cc:1049 Failed to read descriptor from node connection: 시스템에 부착된 장치가 작동하지 않습니다. (0x1F)
5월 01, 2022 19:03:10.702 [3540:2736:0501/190310.702:ERROR:device_event_log_impl.cc(214)] [19:03:10.702] USB: usb_device_handle_win.cc:1049 Failed to read descriptor from node connection: 시스템에 부착된 장치가 작동하지 않습니다. (0x1F)
5월 01, 2022 19:04:08.674 [3540:1996:0501/190408.674:ERROR:util.cc(126)] Can't create base directory: C:\Program Files\Google\GoogleUpdater
5월 01, 2022 20:37:21.446 [3540:15288:0501/203721.446:ERROR:connection_factory_impl.cc(425)] Failed to connect to MCS endpoint with error -7

5월 06, 2022 16:53:11.620 NEW SESSION
5월 06, 2022 16:53:11.621 [5272:6676:0506/165311.610:ERROR:device_event_log_impl.cc(214)] [16:53:11.610] USB: usb_device_handle_win.cc:1049 Failed to read descriptor from node connection: 시스템에 부착된 장치가 작동하지 않습니다. (0x1F)
5월 06, 2022 16:54:09.66 [5272:3016:0506/165409.066:ERROR:util.cc(126)] Can't create base directory: C:\Program Files\Google\GoogleUpdater
5월 06, 2022 17:00:36.507 [5272:6676:0506/170036.506:ERROR:interface_endpoint_client.cc(665)] Message 5 rejected by interface blink.mojom.WidgetHost
5월 06, 2022 17:08:31.43 [2024:2816:0506/170831.043:ERROR:device_event_log_impl.cc(214)] [17:08:31.043] USB: usb_device_handle_win.cc:1049 Failed to read descriptor from node connection: 시스템에 부착된 장치가 작동하지 않습니다. (0x1F)
5월 06, 2022 17:08:53.93 [14144:12200:0506/170853.093:ERROR:device_event_log_impl.cc(214)] [17:08:53.093] USB: usb_device_handle_win.cc:1049 Failed to read descriptor from node connection: 시스템에 부착된 장치가 작동하지 않습니다. (0x1F)
5월 06, 2022 17:09:50.66 [14144:15228:0506/170950.065:ERROR:util.cc(126)] Can't create base directory: C:\Program Files\Google\GoogleUpdater
5월 06, 2022 17:12:01.856 [14144:3432:0506/171201.856:ERROR:connection_factory_impl.cc(425)] Failed to connect to MCS endpoint with error -105
5월 06, 2022 17:13:44.935 [7232:948:0506/171344.935:ERROR:device_event_log_impl.cc(214)] [17:13:44.935] USB: usb_device_handle_win.cc:1049 Failed to read descriptor from node connection: 시스템에 부착된 장치가 작동하지 않습니다. (0x1F)
5월 06, 2022 17:14:42.403 [7232:15740:0506/171442.403:ERROR:util.cc(126)] Can't create base directory: C:\Program Files\Google\GoogleUpdater
5월 06, 2022 17:18:50.625 [12972:14996:0506/171850.625:ERROR:device_event_log_impl.cc(214)] [17:18:50.625] USB: usb_device_handle_win.cc:1049 Failed to read descriptor from node connection: 시스템에 부착된 장치가 작동하지 않습니다. (0x1F)
5월 06, 2022 17:19:48.278 [12972:2544:0506/171948.277:ERROR:util.cc(126)] Can't create base directory: C:\Program Files\Google\GoogleUpdater
5월 06, 2022 17:49:35.634 [16616:2840:0506/174935.634:ERROR:device_event_log_impl.cc(214)] [17:49:35.634] USB: usb_device_handle_win.cc:1049 Failed to read descriptor from node connection: 시스템에 부착된 장치가 작동하지 않습니다. (0x1F)
5월 06, 2022 18:02:04.520 [6956:5012:0506/180204.519:ERROR:device_event_log_impl.cc(214)] [18:02:04.519] USB: usb_device_handle_win.cc:1049 Failed to read descriptor from node connection: 시스템에 부착된 장치가 작동하지 않습니다. (0x1F)
5월 06, 2022 18:03:01.710 [6956:7172:0506/180301.710:ERROR:util.cc(126)] Can't create base directory: C:\Program Files\Google\GoogleUpdater

5월 08, 2022 23:37:15.542 NEW SESSION
5월 08, 2022 23:37:15.542 [4564:16448:0508/233715.541:ERROR:device_event_log_impl.cc(214)] [23:37:15.541] USB: usb_device_handle_win.cc:1049 Failed to read descriptor from node connection: 시스템에 부착된 장치가 작동하지 않습니다. (0x1F)
5월 08, 2022 23:38:12.466 [4564:10696:0508/233812.466:ERROR:util.cc(126)] Can't create base directory: C:\Program Files\Google\GoogleUpdater

5월 09, 2022 17:16:51.318 NEW SESSION
5월 09, 2022 17:16:51.318 [11272:15644:0509/171651.315:ERROR:device_event_log_impl.cc(214)] [17:16:51.316] USB: usb_device_handle_win.cc:1049 Failed to read descriptor from node connection: 시스템에 부착된 장치가 작동하지 않습니다. (0x1F)
5월 09, 2022 17:17:49.307 [11272:4608:0509/171749.307:ERROR:util.cc(126)] Can't create base directory: C:\Program Files\Google\GoogleUpdater
5월 09, 2022 17:18:13.99 [10612:8100:0509/171813.099:ERROR:device_event_log_impl.cc(214)] [17:18:13.100] USB: usb_device_handle_win.cc:1049 Failed to read descriptor from node connection: 시스템에 부착된 장치가 작동하지 않습니다. (0x1F)
5월 09, 2022 17:19:11.17 [10612:15740:0509/171911.017:ERROR:util.cc(126)] Can't create base directory: C:\Program Files\Google\GoogleUpdater
5월 09, 2022 17:42:56.343 [12984:5696:0509/174256.343:ERROR:device_event_log_impl.cc(214)] [17:42:56.343] USB: usb_device_handle_win.cc:1049 Failed to read descriptor from node connection: 시스템에 부착된 장치가 작동하지 않습니다. (0x1F)
5월 09, 2022 17:43:53.274 [12984:9304:0509/174353.274:ERROR:util.cc(126)] Can't create base directory: C:\Program Files\Google\GoogleUpdater
5월 09, 2022 18:23:22.642 [7836:12768:0509/182322.642:ERROR:device_event_log_impl.cc(214)] [18:23:22.643] USB: usb_device_handle_win.cc:1049 Failed to read descriptor from node connection: 시스템에 부착된 장치가 작동하지 않습니다. (0x1F)
5월 09, 2022 18:27:17.308 [5892:1556:0509/182717.308:ERROR:device_event_log_impl.cc(214)] [18:27:17.307] USB: usb_device_handle_win.cc:1049 Failed to read descriptor from node connection: 시스템에 부착된 장치가 작동하지 않습니다. (0x1F)
5월 09, 2022 18:28:16.529 [8932:4804:0509/182816.529:ERROR:device_event_log_impl.cc(214)] [18:28:16.529] USB: usb_device_handle_win.cc:1049 Failed to read descriptor from node connection: 시스템에 부착된 장치가 작동하지 않습니다. (0x1F)
5월 09, 2022 18:28:27.639 [14532:18260:0509/182827.639:ERROR:device_event_log_impl.cc(214)] [18:28:27.638] USB: usb_device_handle_win.cc:1049 Failed to read descriptor from node connection: 시스템에 부착된 장치가 작동하지 않습니다. (0x1F)
5월 09, 2022 18:30:02.953 [15876:10204:0509/183002.953:ERROR:device_event_log_impl.cc(214)] [18:30:02.952] USB: usb_device_handle_win.cc:1049 Failed to read descriptor from node connection: 시스템에 부착된 장치가 작동하지 않습니다. (0x1F)
5월 09, 2022 18:31:34.59 [15776:10968:0509/183134.059:ERROR:device_event_log_impl.cc(214)] [18:31:34.059] USB: usb_device_handle_win.cc:1049 Failed to read descriptor from node connection: 시스템에 부착된 장치가 작동하지 않습니다. (0x1F)
5월 09, 2022 18:32:37.889 [4456:6800:0509/183237.888:ERROR:device_event_log_impl.cc(214)] [18:32:37.889] USB: usb_device_handle_win.cc:1049 Failed to read descriptor from node connection: 시스템에 부착된 장치가 작동하지 않습니다. (0x1F)
5월 09, 2022 18:32:46.16 [13052:11640:0509/183246.016:ERROR:device_event_log_impl.cc(214)] [18:32:46.016] USB: usb_device_handle_win.cc:1049 Failed to read descriptor from node connection: 시스템에 부착된 장치가 작동하지 않습니다. (0x1F)
5월 09, 2022 18:33:23.37 [13608:13992:0509/183323.037:ERROR:device_event_log_impl.cc(214)] [18:33:23.037] USB: usb_device_handle_win.cc:1049 Failed to read descriptor from node connection: 시스템에 부착된 장치가 작동하지 않습니다. (0x1F)

5월 13, 2022 01:14:55.613 NEW SESSION
5월 13, 2022 01:14:55.613 [17760:9328:0513/011455.611:ERROR:device_event_log_impl.cc(214)] [01:14:55.612] USB: usb_device_handle_win.cc:1049 Failed to read descriptor from node connection: 시스템에 부착된 장치가 작동하지 않습니다. (0x1F)

5월 13, 2022 17:09:17.428 NEW SESSION
5월 13, 2022 17:09:17.428 [17856:8236:0513/170917.427:ERROR:device_event_log_impl.cc(214)] [17:09:17.427] USB: usb_device_handle_win.cc:1049 Failed to read descriptor from node connection: 시스템에 부착된 장치가 작동하지 않습니다. (0x1F)
5월 13, 2022 17:10:15.434 [17856:11140:0513/171015.434:ERROR:util.cc(126)] Can't create base directory: C:\Program Files\Google\GoogleUpdater
5월 13, 2022 17:31:02.863 [9452:10012:0513/173102.863:ERROR:device_event_log_impl.cc(214)] [17:31:02.863] USB: usb_device_handle_win.cc:1049 Failed to read descriptor from node connection: 시스템에 부착된 장치가 작동하지 않습니다. (0x1F)
5월 13, 2022 17:31:59.219 [9452:8684:0513/173159.218:ERROR:util.cc(126)] Can't create base directory: C:\Program Files\Google\GoogleUpdater
5월 13, 2022 17:32:37.743 [16764:16244:0513/173237.743:ERROR:device_event_log_impl.cc(214)] [17:32:37.742] USB: usb_device_handle_win.cc:1049 Failed to read descriptor from node connection: 시스템에 부착된 장치가 작동하지 않습니다. (0x1F)
5월 13, 2022 17:33:35.383 [16764:7524:0513/173335.383:ERROR:util.cc(126)] Can't create base directory: C:\Program Files\Google\GoogleUpdater
5월 13, 2022 17:44:52.365 [16764:16244:0513/174452.364:ERROR:device_event_log_impl.cc(214)] [17:44:52.364] USB: usb_service_win.cc:104 SetupDiGetDeviceProperty({{A45C254E-DF1C-4EFD-8020-67D146A850E0}, 6}) failed: 요소가 없습니다. (0x490)
5월 13, 2022 17:44:52.366 [16764:16244:0513/174452.366:ERROR:device_event_log_impl.cc(214)] [17:44:52.366] USB: usb_service_win.cc:307 SetupDiEnumDeviceInterfaces: 사용 가능한 데이터가 없습니다. (0x103)
5월 13, 2022 17:45:00.303 [16764:16244:0513/174500.303:ERROR:device_event_log_impl.cc(214)] [17:45:00.158] USB: usb_service_win.cc:104 SetupDiGetDeviceProperty({{A45C254E-DF1C-4EFD-8020-67D146A850E0}, 6}) failed: 요소가 없습니다. (0x490)

5월 15, 2022 16:30:37.792 NEW SESSION
5월 15, 2022 16:30:37.792 [2640:4136:0515/163037.791:ERROR:device_event_log_impl.cc(214)] [16:30:37.791] USB: usb_device_handle_win.cc:1049 Failed to read descriptor from node connection: 시스템에 부착된 장치가 작동하지 않습니다. (0x1F)
5월 15, 2022 16:30:37.793 [2640:4136:0515/163037.792:ERROR:device_event_log_impl.cc(214)] [16:30:37.792] USB: usb_device_handle_win.cc:1049 Failed to read descriptor from node connection: 시스템에 부착된 장치가 작동하지 않습니다. (0x1F)
